SF:lib\application\authentication\sign_in_cubit.dart
DA:16,0
DA:18,0
DA:19,0
DA:20,0
DA:21,0
DA:24,0
DA:25,0
DA:26,0
DA:27,0
DA:30,0
DA:31,0
DA:34,0
DA:36,0
DA:37,0
DA:38,0
DA:39,0
DA:40,0
LF:17
LH:0
end_of_record
SF:lib\application\authentication\sign_in_state.dart
DA:5,2
DA:14,1
DA:18,1
DA:19,3
DA:20,3
DA:21,3
DA:24,0
DA:25,0
DA:27,1
DA:32,1
DA:33,1
DA:34,1
DA:35,1
LF:13
LH:11
end_of_record
SF:lib\domain\authentication\email.dart
DA:4,1
DA:7,1
DA:8,1
DA:10,0
DA:14,0
DA:16,0
LF:6
LH:3
end_of_record
SF:lib\domain\authentication\password.dart
DA:4,1
DA:7,1
DA:8,1
DA:11,0
DA:14,0
DA:16,0
LF:6
LH:3
end_of_record
