SF:lib\application\authentication\sign_in_cubit.dart
DA:17,2
DA:19,1
DA:20,1
DA:21,3
DA:22,4
DA:25,1
DA:26,1
DA:27,3
DA:28,4
DA:31,1
DA:32,3
DA:35,3
DA:37,3
DA:38,6
DA:39,3
DA:40,1
DA:41,3
LF:17
LH:17
end_of_record
SF:lib\application\authentication\sign_in_state.dart
DA:5,6
DA:14,2
DA:15,8
DA:17,2
DA:22,2
DA:23,2
DA:24,2
DA:25,1
LF:8
LH:8
end_of_record
SF:lib\domain\authentication\email.dart
DA:4,3
DA:7,4
DA:8,5
DA:10,3
DA:14,1
DA:16,2
LF:6
LH:6
end_of_record
SF:lib\domain\authentication\password.dart
DA:4,3
DA:7,4
DA:8,5
DA:11,2
DA:12,1
DA:14,1
DA:16,2
LF:7
LH:7
end_of_record
SF:lib\domain\authentication\user.dart
DA:9,3
DA:24,0
DA:26,0
DA:27,0
LF:4
LH:1
end_of_record
SF:lib\application\authentication\sign_up_cubit.dart
DA:15,0
DA:19,0
DA:20,0
DA:21,0
DA:23,0
DA:25,0
DA:28,0
DA:29,0
DA:30,0
DA:32,0
DA:34,0
DA:37,0
DA:38,0
DA:39,0
DA:42,0
DA:44,0
DA:45,0
DA:46,0
DA:52,0
DA:53,0
DA:54,0
DA:56,0
DA:57,0
DA:58,0
DA:60,0
DA:61,0
DA:62,0
DA:63,0
LF:28
LH:0
end_of_record
SF:lib\application\authentication\sign_up_state.dart
DA:10,2
DA:16,1
DA:17,5
DA:19,1
DA:25,1
DA:26,1
DA:27,1
DA:28,1
DA:29,1
LF:9
LH:9
end_of_record
SF:lib\domain\authentication\confirmed_password.dart
DA:3,1
DA:7,1
DA:8,1
DA:9,0
DA:13,0
DA:15,0
LF:6
LH:3
end_of_record
